/usr/share/lmod/lmod/init/sh: line 20: /usr/share/lmod/lmod/libexec//clearMT_cmd: No such file or directory
Transforming data into images False

 -------------------- 
 CSV files mining has started !
 We're mining the file at : ./../data/csv/Train/.
(6218, 50)
(6218, 50)
(9116, 50)
(6111, 50)
(4226, 50)
(9171, 50)

 The data has been successfully processed and is located at : ./../data/datasets/dataset_HighVariance_train

 -------------------- 
 Computing motion words !

 Number of words :  517  in Wong_Yiu_Kau-Dragon_Style_rot

 Number of words :  517  in Wong_Yiu_Kau-Sei_Moon_Baak_Daa_rot

 Number of words :  759  in Hung_Kuen_Lin_Gar_Kuen_rot

 Number of words :  508  in Wong_Tung_Ming-Hung_Kuen_rot

 Number of words :  351  in Hung_Kuen_Tid_Sin_Kuen_rot

 Number of words :  763  in Tung-Kong-Fodei-Daai-Paa_rot

 the motion_word_dataset is avaible at : ./../data/motion_words_train 
 --------------------
Only training last FC layer : False ; Architecture :  resnet18
-------------------- 
 Merging training datasets 



 We are using 2 GPUs.

 Epoch 0/9
--------------------------------------------------

 The process is at : 2.93%

 The process is at : 5.86%

 The process is at : 8.78%

 The process is at : 11.71%

 The process is at : 14.64%

 The process is at : 17.57%

 The process is at : 20.50%

 The process is at : 23.43%

 The process is at : 26.35%

 The process is at : 29.28%

 The process is at : 32.21%

 The process is at : 35.14%

 The process is at : 38.07%

 The process is at : 41.00%

 The process is at : 43.92%

 The process is at : 46.85%

 The process is at : 49.78%

 The process is at : 52.71%

 The process is at : 55.64%

 The process is at : 58.57%

 The process is at : 61.49%

 The process is at : 64.42%

 The process is at : 67.35%

 The process is at : 70.28%

 The process is at : 73.21%

 The process is at : 76.13%

 The process is at : 79.06%

 The process is at : 81.99%

 The process is at : 84.92%

 The process is at : 87.85%

 The process is at : 90.78%

 The process is at : 93.70%

 The process is at : 96.63%

 The process is at : 99.56%

 Epoch 1/9
--------------------------------------------------

 The process is at : 2.93%

 The process is at : 5.86%

 The process is at : 8.78%

 The process is at : 11.71%

 The process is at : 14.64%

 The process is at : 17.57%

 The process is at : 20.50%

 The process is at : 23.43%

 The process is at : 26.35%

 The process is at : 29.28%

 The process is at : 32.21%

 The process is at : 35.14%

 The process is at : 38.07%

 The process is at : 41.00%

 The process is at : 43.92%

 The process is at : 46.85%

 The process is at : 49.78%

 The process is at : 52.71%

 The process is at : 55.64%

 The process is at : 58.57%

 The process is at : 61.49%

 The process is at : 64.42%

 The process is at : 67.35%

 The process is at : 70.28%

 The process is at : 73.21%

 The process is at : 76.13%

 The process is at : 79.06%

 The process is at : 81.99%

 The process is at : 84.92%

 The process is at : 87.85%

 The process is at : 90.78%

 The process is at : 93.70%

 The process is at : 96.63%

 The process is at : 99.56%

 Epoch 2/9
--------------------------------------------------

 The process is at : 2.93%

 The process is at : 5.86%

 The process is at : 8.78%

 The process is at : 11.71%

 The process is at : 14.64%

 The process is at : 17.57%

 The process is at : 20.50%

 The process is at : 23.43%

 The process is at : 26.35%

 The process is at : 29.28%

 The process is at : 32.21%

 The process is at : 35.14%

 The process is at : 38.07%

 The process is at : 41.00%

 The process is at : 43.92%

 The process is at : 46.85%

 The process is at : 49.78%

 The process is at : 52.71%

 The process is at : 55.64%

 The process is at : 58.57%

 The process is at : 61.49%

 The process is at : 64.42%

 The process is at : 67.35%

 The process is at : 70.28%

 The process is at : 73.21%

 The process is at : 76.13%

 The process is at : 79.06%

 The process is at : 81.99%

 The process is at : 84.92%

 The process is at : 87.85%

 The process is at : 90.78%

 The process is at : 93.70%

 The process is at : 96.63%

 The process is at : 99.56%

 Epoch 3/9
--------------------------------------------------

 The process is at : 2.93%

 The process is at : 5.86%

 The process is at : 8.78%

 The process is at : 11.71%

 The process is at : 14.64%

 The process is at : 17.57%

 The process is at : 20.50%

 The process is at : 23.43%

 The process is at : 26.35%

 The process is at : 29.28%

 The process is at : 32.21%

 The process is at : 35.14%

 The process is at : 38.07%

 The process is at : 41.00%

 The process is at : 43.92%

 The process is at : 46.85%

 The process is at : 49.78%

 The process is at : 52.71%

 The process is at : 55.64%

 The process is at : 58.57%

 The process is at : 61.49%

 The process is at : 64.42%

 The process is at : 67.35%

 The process is at : 70.28%

 The process is at : 73.21%

 The process is at : 76.13%

 The process is at : 79.06%

 The process is at : 81.99%

 The process is at : 84.92%

 The process is at : 87.85%

 The process is at : 90.78%

 The process is at : 93.70%

 The process is at : 96.63%

 The process is at : 99.56%

 Epoch 4/9
--------------------------------------------------

 The process is at : 2.93%

 The process is at : 5.86%

 The process is at : 8.78%

 The process is at : 11.71%

 The process is at : 14.64%

 The process is at : 17.57%

 The process is at : 20.50%

 The process is at : 23.43%

 The process is at : 26.35%

 The process is at : 29.28%

 The process is at : 32.21%

 The process is at : 35.14%

 The process is at : 38.07%

 The process is at : 41.00%

 The process is at : 43.92%

 The process is at : 46.85%

 The process is at : 49.78%

 The process is at : 52.71%

 The process is at : 55.64%

 The process is at : 58.57%

 The process is at : 61.49%

 The process is at : 64.42%

 The process is at : 67.35%

 The process is at : 70.28%

 The process is at : 73.21%

 The process is at : 76.13%

 The process is at : 79.06%

 The process is at : 81.99%

 The process is at : 84.92%

 The process is at : 87.85%

 The process is at : 90.78%

 The process is at : 93.70%

 The process is at : 96.63%

 The process is at : 99.56%

 Epoch 5/9
--------------------------------------------------

 The process is at : 2.93%

 The process is at : 5.86%

 The process is at : 8.78%

 The process is at : 11.71%

 The process is at : 14.64%

 The process is at : 17.57%

 The process is at : 20.50%

 The process is at : 23.43%

 The process is at : 26.35%

 The process is at : 29.28%

 The process is at : 32.21%

 The process is at : 35.14%

 The process is at : 38.07%

 The process is at : 41.00%

 The process is at : 43.92%

 The process is at : 46.85%

 The process is at : 49.78%

 The process is at : 52.71%

 The process is at : 55.64%

 The process is at : 58.57%

 The process is at : 61.49%

 The process is at : 64.42%

 The process is at : 67.35%

 The process is at : 70.28%

 The process is at : 73.21%

 The process is at : 76.13%

 The process is at : 79.06%

 The process is at : 81.99%

 The process is at : 84.92%

 The process is at : 87.85%

 The process is at : 90.78%

 The process is at : 93.70%

 The process is at : 96.63%

 The process is at : 99.56%

 Epoch 6/9
--------------------------------------------------

 The process is at : 2.93%

 The process is at : 5.86%

 The process is at : 8.78%

 The process is at : 11.71%

 The process is at : 14.64%

 The process is at : 17.57%

 The process is at : 20.50%

 The process is at : 23.43%

 The process is at : 26.35%

 The process is at : 29.28%

 The process is at : 32.21%

 The process is at : 35.14%

 The process is at : 38.07%

 The process is at : 41.00%

 The process is at : 43.92%

 The process is at : 46.85%

 The process is at : 49.78%

 The process is at : 52.71%

 The process is at : 55.64%

 The process is at : 58.57%

 The process is at : 61.49%

 The process is at : 64.42%

 The process is at : 67.35%

 The process is at : 70.28%

 The process is at : 73.21%

 The process is at : 76.13%

 The process is at : 79.06%

 The process is at : 81.99%

 The process is at : 84.92%

 The process is at : 87.85%

 The process is at : 90.78%

 The process is at : 93.70%

 The process is at : 96.63%

 The process is at : 99.56%

 Epoch 7/9
--------------------------------------------------

 The process is at : 2.93%

 The process is at : 5.86%

 The process is at : 8.78%

 The process is at : 11.71%

 The process is at : 14.64%

 The process is at : 17.57%

 The process is at : 20.50%

 The process is at : 23.43%

 The process is at : 26.35%

 The process is at : 29.28%

 The process is at : 32.21%

 The process is at : 35.14%

 The process is at : 38.07%

 The process is at : 41.00%

 The process is at : 43.92%

 The process is at : 46.85%

 The process is at : 49.78%

 The process is at : 52.71%

 The process is at : 55.64%

 The process is at : 58.57%

 The process is at : 61.49%

 The process is at : 64.42%

 The process is at : 67.35%

 The process is at : 70.28%

 The process is at : 73.21%

 The process is at : 76.13%

 The process is at : 79.06%

 The process is at : 81.99%

 The process is at : 84.92%

 The process is at : 87.85%

 The process is at : 90.78%

 The process is at : 93.70%

 The process is at : 96.63%

 The process is at : 99.56%

 Epoch 8/9
--------------------------------------------------

 The process is at : 2.93%

 The process is at : 5.86%

 The process is at : 8.78%

 The process is at : 11.71%

 The process is at : 14.64%

 The process is at : 17.57%

 The process is at : 20.50%

 The process is at : 23.43%

 The process is at : 26.35%

 The process is at : 29.28%

 The process is at : 32.21%

 The process is at : 35.14%

 The process is at : 38.07%

 The process is at : 41.00%

 The process is at : 43.92%

 The process is at : 46.85%

 The process is at : 49.78%

 The process is at : 52.71%

 The process is at : 55.64%

 The process is at : 58.57%

 The process is at : 61.49%

 The process is at : 64.42%

 The process is at : 67.35%

 The process is at : 70.28%

 The process is at : 73.21%

 The process is at : 76.13%

 The process is at : 79.06%

 The process is at : 81.99%

 The process is at : 84.92%

 The process is at : 87.85%

 The process is at : 90.78%

 The process is at : 93.70%

 The process is at : 96.63%

 The process is at : 99.56%

 Epoch 9/9
--------------------------------------------------

 The process is at : 2.93%

 The process is at : 5.86%

 The process is at : 8.78%

 The process is at : 11.71%

 The process is at : 14.64%

 The process is at : 17.57%

 The process is at : 20.50%

 The process is at : 23.43%

 The process is at : 26.35%

 The process is at : 29.28%

 The process is at : 32.21%

 The process is at : 35.14%

 The process is at : 38.07%

 The process is at : 41.00%

 The process is at : 43.92%

 The process is at : 46.85%

 The process is at : 49.78%

 The process is at : 52.71%

 The process is at : 55.64%

 The process is at : 58.57%

 The process is at : 61.49%

 The process is at : 64.42%

 The process is at : 67.35%

 The process is at : 70.28%

 The process is at : 73.21%

 The process is at : 76.13%

 The process is at : 79.06%

 The process is at : 81.99%

 The process is at : 84.92%

 The process is at : 87.85%

 The process is at : 90.78%

 The process is at : 93.70%

 The process is at : 96.63%

 The process is at : 99.56%
It took :7218.13 seconds to train. 
Traceback (most recent call last):
  File "./training_MergedDataScheme.py", line 80, in <module>
    with open(f'./training_motionWords_losses_{model_name}_MergedData','rb') as file:
FileNotFoundError: [Errno 2] No such file or directory: './training_motionWords_losses_resnet18_MergedData'
srun: error: i42: task 0: Exited with exit code 1
srun: Terminating job step 528290.0
