/usr/share/lmod/lmod/init/sh: line 20: /usr/share/lmod/lmod/libexec//clearMT_cmd: No such file or directory

 -------------------- 
 CSV files mining has started !
 We're mining the file at : ./../data/csv/Train/.
(6218, 50)
(6218, 50)
(9116, 50)
(6111, 50)
(4226, 50)
(9171, 50)

 The data has been successfully processed and is located at : ./../data/datasets/dataset_HighVariance_train

 -------------------- 
 Computing motion words !

 Number of words :  517  in Wong_Yiu_Kau-Dragon_Style_rot

 Number of words :  517  in Wong_Yiu_Kau-Sei_Moon_Baak_Daa_rot

 Number of words :  759  in Hung_Kuen_Lin_Gar_Kuen_rot

 Number of words :  508  in Wong_Tung_Ming-Hung_Kuen_rot

 Number of words :  351  in Hung_Kuen_Tid_Sin_Kuen_rot

 Number of words :  763  in Tung-Kong-Fodei-Daai-Paa_rot

 the motion_word_dataset is avaible at : ./../data/motion_words_train 
 --------------------
Only training last FC layer : False ; Architecture :  resnext50

 Training with : ./../data/datasets/training/training_dataset_5similarity_soft_dtw


 We are using 2 GPUs.

 Epoch 0/14
--------------------------------------------------

 The process is at : 2.93%

 The process is at : 5.86%

 The process is at : 8.78%

 The process is at : 11.71%

 The process is at : 14.64%

 The process is at : 17.57%

 The process is at : 20.50%

 The process is at : 23.43%

 The process is at : 26.35%

 The process is at : 29.28%

 The process is at : 32.21%

 The process is at : 35.14%

 The process is at : 38.07%

 The process is at : 41.00%

 The process is at : 43.92%

 The process is at : 46.85%

 The process is at : 49.78%

 The process is at : 52.71%

 The process is at : 55.64%

 The process is at : 58.57%

 The process is at : 61.49%

 The process is at : 64.42%

 The process is at : 67.35%

 The process is at : 70.28%

 The process is at : 73.21%

 The process is at : 76.13%

 The process is at : 79.06%

 The process is at : 81.99%

 The process is at : 84.92%

 The process is at : 87.85%

 The process is at : 90.78%

 The process is at : 93.70%

 The process is at : 96.63%

 The process is at : 99.56%

 Epoch 1/14
--------------------------------------------------

 The process is at : 2.93%

 The process is at : 5.86%

 The process is at : 8.78%

 The process is at : 11.71%

 The process is at : 14.64%

 The process is at : 17.57%

 The process is at : 20.50%

 The process is at : 23.43%

 The process is at : 26.35%

 The process is at : 29.28%

 The process is at : 32.21%

 The process is at : 35.14%

 The process is at : 38.07%

 The process is at : 41.00%

 The process is at : 43.92%

 The process is at : 46.85%

 The process is at : 49.78%

 The process is at : 52.71%

 The process is at : 55.64%

 The process is at : 58.57%

 The process is at : 61.49%

 The process is at : 64.42%

 The process is at : 67.35%

 The process is at : 70.28%

 The process is at : 73.21%

 The process is at : 76.13%

 The process is at : 79.06%

 The process is at : 81.99%

 The process is at : 84.92%

 The process is at : 87.85%

 The process is at : 90.78%

 The process is at : 93.70%

 The process is at : 96.63%

 The process is at : 99.56%

 Epoch 2/14
--------------------------------------------------

 The process is at : 2.93%

 The process is at : 5.86%

 The process is at : 8.78%

 The process is at : 11.71%

 The process is at : 14.64%

 The process is at : 17.57%

 The process is at : 20.50%

 The process is at : 23.43%

 The process is at : 26.35%

 The process is at : 29.28%

 The process is at : 32.21%

 The process is at : 35.14%

 The process is at : 38.07%

 The process is at : 41.00%

 The process is at : 43.92%

 The process is at : 46.85%

 The process is at : 49.78%

 The process is at : 52.71%

 The process is at : 55.64%

 The process is at : 58.57%

 The process is at : 61.49%

 The process is at : 64.42%

 The process is at : 67.35%

 The process is at : 70.28%

 The process is at : 73.21%

 The process is at : 76.13%

 The process is at : 79.06%

 The process is at : 81.99%

 The process is at : 84.92%

 The process is at : 87.85%

 The process is at : 90.78%

 The process is at : 93.70%

 The process is at : 96.63%

 The process is at : 99.56%

 Epoch 3/14
--------------------------------------------------

 The process is at : 2.93%

 The process is at : 5.86%

 The process is at : 8.78%

 The process is at : 11.71%

 The process is at : 14.64%

 The process is at : 17.57%

 The process is at : 20.50%

 The process is at : 23.43%

 The process is at : 26.35%

 The process is at : 29.28%

 The process is at : 32.21%

 The process is at : 35.14%

 The process is at : 38.07%

 The process is at : 41.00%

 The process is at : 43.92%

 The process is at : 46.85%

 The process is at : 49.78%

 The process is at : 52.71%

 The process is at : 55.64%

 The process is at : 58.57%

 The process is at : 61.49%

 The process is at : 64.42%

 The process is at : 67.35%

 The process is at : 70.28%

 The process is at : 73.21%

 The process is at : 76.13%

 The process is at : 79.06%

 The process is at : 81.99%

 The process is at : 84.92%

 The process is at : 87.85%

 The process is at : 90.78%

 The process is at : 93.70%

 The process is at : 96.63%

 The process is at : 99.56%

 Epoch 4/14
--------------------------------------------------

 The process is at : 2.93%

 The process is at : 5.86%

 The process is at : 8.78%

 The process is at : 11.71%

 The process is at : 14.64%

 The process is at : 17.57%

 The process is at : 20.50%

 The process is at : 23.43%

 The process is at : 26.35%

 The process is at : 29.28%

 The process is at : 32.21%

 The process is at : 35.14%

 The process is at : 38.07%

 The process is at : 41.00%

 The process is at : 43.92%

 The process is at : 46.85%

 The process is at : 49.78%

 The process is at : 52.71%

 The process is at : 55.64%

 The process is at : 58.57%

 The process is at : 61.49%

 The process is at : 64.42%

 The process is at : 67.35%

 The process is at : 70.28%

 The process is at : 73.21%

 The process is at : 76.13%

 The process is at : 79.06%

 The process is at : 81.99%

 The process is at : 84.92%

 The process is at : 87.85%

 The process is at : 90.78%

 The process is at : 93.70%

 The process is at : 96.63%

 The process is at : 99.56%

 Epoch 5/14
--------------------------------------------------

 The process is at : 2.93%

 The process is at : 5.86%

 The process is at : 8.78%

 The process is at : 11.71%

 The process is at : 14.64%

 The process is at : 17.57%

 The process is at : 20.50%

 The process is at : 23.43%

 The process is at : 26.35%

 The process is at : 29.28%

 The process is at : 32.21%

 The process is at : 35.14%

 The process is at : 38.07%

 The process is at : 41.00%

 The process is at : 43.92%

 The process is at : 46.85%

 The process is at : 49.78%

 The process is at : 52.71%

 The process is at : 55.64%

 The process is at : 58.57%

 The process is at : 61.49%

 The process is at : 64.42%

 The process is at : 67.35%

 The process is at : 70.28%

 The process is at : 73.21%

 The process is at : 76.13%

 The process is at : 79.06%

 The process is at : 81.99%

 The process is at : 84.92%

 The process is at : 87.85%

 The process is at : 90.78%

 The process is at : 93.70%

 The process is at : 96.63%

 The process is at : 99.56%

 Epoch 6/14
--------------------------------------------------

 The process is at : 2.93%

 The process is at : 5.86%

 The process is at : 8.78%

 The process is at : 11.71%

 The process is at : 14.64%

 The process is at : 17.57%

 The process is at : 20.50%

 The process is at : 23.43%

 The process is at : 26.35%

 The process is at : 29.28%

 The process is at : 32.21%

 The process is at : 35.14%

 The process is at : 38.07%

 The process is at : 41.00%

 The process is at : 43.92%

 The process is at : 46.85%

 The process is at : 49.78%

 The process is at : 52.71%

 The process is at : 55.64%

 The process is at : 58.57%

 The process is at : 61.49%

 The process is at : 64.42%

 The process is at : 67.35%

 The process is at : 70.28%

 The process is at : 73.21%

 The process is at : 76.13%

 The process is at : 79.06%

 The process is at : 81.99%

 The process is at : 84.92%

 The process is at : 87.85%

 The process is at : 90.78%

 The process is at : 93.70%

 The process is at : 96.63%

 The process is at : 99.56%

 Epoch 7/14
--------------------------------------------------

 The process is at : 2.93%

 The process is at : 5.86%

 The process is at : 8.78%

 The process is at : 11.71%

 The process is at : 14.64%

 The process is at : 17.57%

 The process is at : 20.50%

 The process is at : 23.43%

 The process is at : 26.35%

 The process is at : 29.28%

 The process is at : 32.21%

 The process is at : 35.14%

 The process is at : 38.07%

 The process is at : 41.00%

 The process is at : 43.92%

 The process is at : 46.85%

 The process is at : 49.78%

 The process is at : 52.71%

 The process is at : 55.64%

 The process is at : 58.57%

 The process is at : 61.49%

 The process is at : 64.42%

 The process is at : 67.35%

 The process is at : 70.28%

 The process is at : 73.21%

 The process is at : 76.13%

 The process is at : 79.06%

 The process is at : 81.99%

 The process is at : 84.92%

 The process is at : 87.85%

 The process is at : 90.78%

 The process is at : 93.70%

 The process is at : 96.63%

 The process is at : 99.56%

 Epoch 8/14
--------------------------------------------------

 The process is at : 2.93%

 The process is at : 5.86%

 The process is at : 8.78%

 The process is at : 11.71%

 The process is at : 14.64%

 The process is at : 17.57%

 The process is at : 20.50%

 The process is at : 23.43%

 The process is at : 26.35%

 The process is at : 29.28%

 The process is at : 32.21%

 The process is at : 35.14%

 The process is at : 38.07%

 The process is at : 41.00%

 The process is at : 43.92%

 The process is at : 46.85%

 The process is at : 49.78%

 The process is at : 52.71%

 The process is at : 55.64%

 The process is at : 58.57%

 The process is at : 61.49%

 The process is at : 64.42%

 The process is at : 67.35%

 The process is at : 70.28%

 The process is at : 73.21%

 The process is at : 76.13%

 The process is at : 79.06%

 The process is at : 81.99%

 The process is at : 84.92%

 The process is at : 87.85%

 The process is at : 90.78%

 The process is at : 93.70%

 The process is at : 96.63%

 The process is at : 99.56%

 Epoch 9/14
--------------------------------------------------

 The process is at : 2.93%

 The process is at : 5.86%

 The process is at : 8.78%

 The process is at : 11.71%

 The process is at : 14.64%

 The process is at : 17.57%

 The process is at : 20.50%

 The process is at : 23.43%

 The process is at : 26.35%

 The process is at : 29.28%

 The process is at : 32.21%

 The process is at : 35.14%

 The process is at : 38.07%

 The process is at : 41.00%

 The process is at : 43.92%

 The process is at : 46.85%

 The process is at : 49.78%

 The process is at : 52.71%

 The process is at : 55.64%

 The process is at : 58.57%

 The process is at : 61.49%

 The process is at : 64.42%

 The process is at : 67.35%

 The process is at : 70.28%

 The process is at : 73.21%

 The process is at : 76.13%

 The process is at : 79.06%

 The process is at : 81.99%

 The process is at : 84.92%

 The process is at : 87.85%

 The process is at : 90.78%

 The process is at : 93.70%

 The process is at : 96.63%

 The process is at : 99.56%

 Epoch 10/14
--------------------------------------------------

 The process is at : 2.93%

 The process is at : 5.86%

 The process is at : 8.78%

 The process is at : 11.71%

 The process is at : 14.64%

 The process is at : 17.57%

 The process is at : 20.50%

 The process is at : 23.43%

 The process is at : 26.35%

 The process is at : 29.28%

 The process is at : 32.21%

 The process is at : 35.14%

 The process is at : 38.07%

 The process is at : 41.00%

 The process is at : 43.92%

 The process is at : 46.85%

 The process is at : 49.78%

 The process is at : 52.71%

 The process is at : 55.64%

 The process is at : 58.57%

 The process is at : 61.49%

 The process is at : 64.42%

 The process is at : 67.35%

 The process is at : 70.28%

 The process is at : 73.21%

 The process is at : 76.13%

 The process is at : 79.06%

 The process is at : 81.99%

 The process is at : 84.92%

 The process is at : 87.85%

 The process is at : 90.78%

 The process is at : 93.70%

 The process is at : 96.63%

 The process is at : 99.56%

 Epoch 11/14
--------------------------------------------------

 The process is at : 2.93%

 The process is at : 5.86%

 The process is at : 8.78%

 The process is at : 11.71%

 The process is at : 14.64%

 The process is at : 17.57%

 The process is at : 20.50%

 The process is at : 23.43%

 The process is at : 26.35%

 The process is at : 29.28%

 The process is at : 32.21%

 The process is at : 35.14%

 The process is at : 38.07%

 The process is at : 41.00%

 The process is at : 43.92%

 The process is at : 46.85%

 The process is at : 49.78%

 The process is at : 52.71%

 The process is at : 55.64%

 The process is at : 58.57%

 The process is at : 61.49%

 The process is at : 64.42%

 The process is at : 67.35%

 The process is at : 70.28%

 The process is at : 73.21%

 The process is at : 76.13%

 The process is at : 79.06%

 The process is at : 81.99%

 The process is at : 84.92%

 The process is at : 87.85%

 The process is at : 90.78%

 The process is at : 93.70%

 The process is at : 96.63%

 The process is at : 99.56%

 Epoch 12/14
--------------------------------------------------

 The process is at : 2.93%

 The process is at : 5.86%

 The process is at : 8.78%

 The process is at : 11.71%

 The process is at : 14.64%

 The process is at : 17.57%

 The process is at : 20.50%

 The process is at : 23.43%

 The process is at : 26.35%

 The process is at : 29.28%

 The process is at : 32.21%

 The process is at : 35.14%

 The process is at : 38.07%

 The process is at : 41.00%

 The process is at : 43.92%

 The process is at : 46.85%

 The process is at : 49.78%

 The process is at : 52.71%

 The process is at : 55.64%

 The process is at : 58.57%

 The process is at : 61.49%

 The process is at : 64.42%

 The process is at : 67.35%

 The process is at : 70.28%

 The process is at : 73.21%

 The process is at : 76.13%

 The process is at : 79.06%

 The process is at : 81.99%

 The process is at : 84.92%

 The process is at : 87.85%

 The process is at : 90.78%

 The process is at : 93.70%

 The process is at : 96.63%

 The process is at : 99.56%

 Epoch 13/14
--------------------------------------------------

 The process is at : 2.93%

 The process is at : 5.86%

 The process is at : 8.78%

 The process is at : 11.71%

 The process is at : 14.64%

 The process is at : 17.57%

 The process is at : 20.50%

 The process is at : 23.43%

 The process is at : 26.35%

 The process is at : 29.28%

 The process is at : 32.21%

 The process is at : 35.14%

 The process is at : 38.07%

 The process is at : 41.00%

 The process is at : 43.92%

 The process is at : 46.85%

 The process is at : 49.78%

 The process is at : 52.71%

 The process is at : 55.64%

 The process is at : 58.57%

 The process is at : 61.49%

 The process is at : 64.42%

 The process is at : 67.35%

 The process is at : 70.28%

 The process is at : 73.21%

 The process is at : 76.13%

 The process is at : 79.06%

 The process is at : 81.99%

 The process is at : 84.92%

 The process is at : 87.85%

 The process is at : 90.78%

 The process is at : 93.70%

 The process is at : 96.63%

 The process is at : 99.56%

 Epoch 14/14
--------------------------------------------------

 The process is at : 2.93%

 The process is at : 5.86%

 The process is at : 8.78%

 The process is at : 11.71%

 The process is at : 14.64%

 The process is at : 17.57%

 The process is at : 20.50%

 The process is at : 23.43%

 The process is at : 26.35%

 The process is at : 29.28%

 The process is at : 32.21%

 The process is at : 35.14%

 The process is at : 38.07%

 The process is at : 41.00%

 The process is at : 43.92%

 The process is at : 46.85%

 The process is at : 49.78%

 The process is at : 52.71%

 The process is at : 55.64%

 The process is at : 58.57%

 The process is at : 61.49%

 The process is at : 64.42%

 The process is at : 67.35%

 The process is at : 70.28%

 The process is at : 73.21%

 The process is at : 76.13%

 The process is at : 79.06%

 The process is at : 81.99%

 The process is at : 84.92%

 The process is at : 87.85%

 The process is at : 90.78%

 The process is at : 93.70%

 The process is at : 96.63%

 The process is at : 99.56%
It took :22919.83 seconds to train. 

 Training with : ./../data/datasets/training/training_dataset_5similarity_gak
Traceback (most recent call last):
  File "training_images.py", line 72, in <module>
    model.load_state_dict(torch.load(previous_model_path,map_location=torch.device("cpu")),strict=True)
  File "/home/seydou/.local/lib/python3.7/site-packages/torch/nn/modules/module.py", line 1224, in load_state_dict
    self.__class__.__name__, "\n\t".join(error_msgs)))
RuntimeError: Error(s) in loading state_dict for DataParallel:
	Missing key(s) in state_dict: "module.conv1.weight", "module.bn1.weight", "module.bn1.bias", "module.bn1.running_mean", "module.bn1.running_var", "module.layer1.0.conv1.weight", "module.layer1.0.bn1.weight", "module.layer1.0.bn1.bias", "module.layer1.0.bn1.running_mean", "module.layer1.0.bn1.running_var", "module.layer1.0.conv2.weight", "module.layer1.0.bn2.weight", "module.layer1.0.bn2.bias", "module.layer1.0.bn2.running_mean", "module.layer1.0.bn2.running_var", "module.layer1.0.conv3.weight", "module.layer1.0.bn3.weight", "module.layer1.0.bn3.bias", "module.layer1.0.bn3.running_mean", "module.layer1.0.bn3.running_var", "module.layer1.0.downsample.0.weight", "module.layer1.0.downsample.1.weight", "module.layer1.0.downsample.1.bias", "module.layer1.0.downsample.1.running_mean", "module.layer1.0.downsample.1.running_var", "module.layer1.1.conv1.weight", "module.layer1.1.bn1.weight", "module.layer1.1.bn1.bias", "module.layer1.1.bn1.running_mean", "module.layer1.1.bn1.running_var", "module.layer1.1.conv2.weight", "module.layer1.1.bn2.weight", "module.layer1.1.bn2.bias", "module.layer1.1.bn2.running_mean", "module.layer1.1.bn2.running_var", "module.layer1.1.conv3.weight", "module.layer1.1.bn3.weight", "module.layer1.1.bn3.bias", "module.layer1.1.bn3.running_mean", "module.layer1.1.bn3.running_var", "module.layer1.2.conv1.weight", "module.layer1.2.bn1.weight", "module.layer1.2.bn1.bias", "module.layer1.2.bn1.running_mean", "module.layer1.2.bn1.running_var", "module.layer1.2.conv2.weight", "module.layer1.2.bn2.weight", "module.layer1.2.bn2.bias", "module.layer1.2.bn2.running_mean", "module.layer1.2.bn2.running_var", "module.layer1.2.conv3.weight", "module.layer1.2.bn3.weight", "module.layer1.2.bn3.bias", "module.layer1.2.bn3.running_mean", "module.layer1.2.bn3.running_var", "module.layer2.0.conv1.weight", "module.layer2.0.bn1.weight", "module.layer2.0.bn1.bias", "module.layer2.0.bn1.running_mean", "module.layer2.0.bn1.running_var", "module.layer2.0.conv2.weight", "module.layer2.0.bn2.weight", "module.layer2.0.bn2.bias", "module.layer2.0.bn2.running_mean", "module.layer2.0.bn2.running_var", "module.layer2.0.conv3.weight", "module.layer2.0.bn3.weight", "module.layer2.0.bn3.bias", "module.layer2.0.bn3.running_mean", "module.layer2.0.bn3.running_var", "module.layer2.0.downsample.0.weight", "module.layer2.0.downsample.1.weight", "module.layer2.0.downsample.1.bias", "module.layer2.0.downsample.1.running_mean", "module.layer2.0.downsample.1.running_var", "module.layer2.1.conv1.weight", "module.layer2.1.bn1.weight", "module.layer2.1.bn1.bias", "module.layer2.1.bn1.running_mean", "module.layer2.1.bn1.running_var", "module.layer2.1.conv2.weight", "module.layer2.1.bn2.weight", "module.layer2.1.bn2.bias", "module.layer2.1.bn2.running_mean", "module.layer2.1.bn2.running_var", "module.layer2.1.conv3.weight", "module.layer2.1.bn3.weight", "module.layer2.1.bn3.bias", "module.layer2.1.bn3.running_mean", "module.layer2.1.bn3.running_var", "module.layer2.2.conv1.weight", "module.layer2.2.bn1.weight", "module.layer2.2.bn1.bias", "module.layer2.2.bn1.running_mean", "module.layer2.2.bn1.running_var", "module.layer2.2.conv2.weight", "module.layer2.2.bn2.weight", "module.layer2.2.bn2.bias", "module.layer2.2.bn2.running_mean", "module.layer2.2.bn2.running_var", "module.layer2.2.conv3.weight", "module.layer2.2.bn3.weight", "module.layer2.2.bn3.bias", "module.layer2.2.bn3.running_mean", "module.layer2.2.bn3.running_var", "module.layer2.3.conv1.weight", "module.layer2.3.bn1.weight", "module.layer2.3.bn1.bias", "module.layer2.3.bn1.running_mean", "module.layer2.3.bn1.running_var", "module.layer2.3.conv2.weight", "module.layer2.3.bn2.weight", "module.layer2.3.bn2.bias", "module.layer2.3.bn2.running_mean", "module.layer2.3.bn2.running_var", "module.layer2.3.conv3.weight", "module.layer2.3.bn3.weight", "module.layer2.3.bn3.bias", "module.layer2.3.bn3.running_mean", "module.layer2.3.bn3.running_var", "module.layer3.0.conv1.weight", "module.layer3.0.bn1.weight", "module.layer3.0.bn1.bias", "module.layer3.0.bn1.running_mean", "module.layer3.0.bn1.running_var", "module.layer3.0.conv2.weight", "module.layer3.0.bn2.weight", "module.layer3.0.bn2.bias", "module.layer3.0.bn2.running_mean", "module.layer3.0.bn2.running_var", "module.layer3.0.conv3.weight", "module.layer3.0.bn3.weight", "module.layer3.0.bn3.bias", "module.layer3.0.bn3.running_mean", "module.layer3.0.bn3.running_var", "module.layer3.0.downsample.0.weight", "module.layer3.0.downsample.1.weight", "module.layer3.0.downsample.1.bias", "module.layer3.0.downsample.1.running_mean", "module.layer3.0.downsample.1.running_var", "module.layer3.1.conv1.weight", "module.layer3.1.bn1.weight", "module.layer3.1.bn1.bias", "module.layer3.1.bn1.running_mean", "module.layer3.1.bn1.running_var", "module.layer3.1.conv2.weight", "module.layer3.1.bn2.weight", "module.layer3.1.bn2.bias", "module.layer3.1.bn2.running_mean", "module.layer3.1.bn2.running_var", "module.layer3.1.conv3.weight", "module.layer3.1.bn3.weight", "module.layer3.1.bn3.bias", "module.layer3.1.bn3.running_mean", "module.layer3.1.bn3.running_var", "module.layer3.2.conv1.weight", "module.layer3.2.bn1.weight", "module.layer3.2.bn1.bias", "module.layer3.2.bn1.running_mean", "module.layer3.2.bn1.running_var", "module.layer3.2.conv2.weight", "module.layer3.2.bn2.weight", "module.layer3.2.bn2.bias", "module.layer3.2.bn2.running_mean", "module.layer3.2.bn2.running_var", "module.layer3.2.conv3.weight", "module.layer3.2.bn3.weight", "module.layer3.2.bn3.bias", "module.layer3.2.bn3.running_mean", "module.layer3.2.bn3.running_var", "module.layer3.3.conv1.weight", "module.layer3.3.bn1.weight", "module.layer3.3.bn1.bias", "module.layer3.3.bn1.running_mean", "module.layer3.3.bn1.running_var", "module.layer3.3.conv2.weight", "module.layer3.3.bn2.weight", "module.layer3.3.bn2.bias", "module.layer3.3.bn2.running_mean", "module.layer3.3.bn2.running_var", "module.layer3.3.conv3.weight", "module.layer3.3.bn3.weight", "module.layer3.3.bn3.bias", "module.layer3.3.bn3.running_mean", "module.layer3.3.bn3.running_var", "module.layer3.4.conv1.weight", "module.layer3.4.bn1.weight", "module.layer3.4.bn1.bias", "module.layer3.4.bn1.running_mean", "module.layer3.4.bn1.running_var", "module.layer3.4.conv2.weight", "module.layer3.4.bn2.weight", "module.layer3.4.bn2.bias", "module.layer3.4.bn2.running_mean", "module.layer3.4.bn2.running_var", "module.layer3.4.conv3.weight", "module.layer3.4.bn3.weight", "module.layer3.4.bn3.bias", "module.layer3.4.bn3.running_mean", "module.layer3.4.bn3.running_var", "module.layer3.5.conv1.weight", "module.layer3.5.bn1.weight", "module.layer3.5.bn1.bias", "module.layer3.5.bn1.running_mean", "module.layer3.5.bn1.running_var", "module.layer3.5.conv2.weight", "module.layer3.5.bn2.weight", "module.layer3.5.bn2.bias", "module.layer3.5.bn2.running_mean", "module.layer3.5.bn2.running_var", "module.layer3.5.conv3.weight", "module.layer3.5.bn3.weight", "module.layer3.5.bn3.bias", "module.layer3.5.bn3.running_mean", "module.layer3.5.bn3.running_var", "module.layer4.0.conv1.weight", "module.layer4.0.bn1.weight", "module.layer4.0.bn1.bias", "module.layer4.0.bn1.running_mean", "module.layer4.0.bn1.running_var", "module.layer4.0.conv2.weight", "module.layer4.0.bn2.weight", "module.layer4.0.bn2.bias", "module.layer4.0.bn2.running_mean", "module.layer4.0.bn2.running_var", "module.layer4.0.conv3.weight", "module.layer4.0.bn3.weight", "module.layer4.0.bn3.bias", "module.layer4.0.bn3.running_mean", "module.layer4.0.bn3.running_var", "module.layer4.0.downsample.0.weight", "module.layer4.0.downsample.1.weight", "module.layer4.0.downsample.1.bias", "module.layer4.0.downsample.1.running_mean", "module.layer4.0.downsample.1.running_var", "module.layer4.1.conv1.weight", "module.layer4.1.bn1.weight", "module.layer4.1.bn1.bias", "module.layer4.1.bn1.running_mean", "module.layer4.1.bn1.running_var", "module.layer4.1.conv2.weight", "module.layer4.1.bn2.weight", "module.layer4.1.bn2.bias", "module.layer4.1.bn2.running_mean", "module.layer4.1.bn2.running_var", "module.layer4.1.conv3.weight", "module.layer4.1.bn3.weight", "module.layer4.1.bn3.bias", "module.layer4.1.bn3.running_mean", "module.layer4.1.bn3.running_var", "module.layer4.2.conv1.weight", "module.layer4.2.bn1.weight", "module.layer4.2.bn1.bias", "module.layer4.2.bn1.running_mean", "module.layer4.2.bn1.running_var", "module.layer4.2.conv2.weight", "module.layer4.2.bn2.weight", "module.layer4.2.bn2.bias", "module.layer4.2.bn2.running_mean", "module.layer4.2.bn2.running_var", "module.layer4.2.conv3.weight", "module.layer4.2.bn3.weight", "module.layer4.2.bn3.bias", "module.layer4.2.bn3.running_mean", "module.layer4.2.bn3.running_var", "module.fc.weight", "module.fc.bias". 
	Unexpected key(s) in state_dict: "conv1.weight", "bn1.weight", "bn1.bias", "bn1.running_mean", "bn1.running_var", "bn1.num_batches_tracked", "layer1.0.conv1.weight", "layer1.0.bn1.weight", "layer1.0.bn1.bias", "layer1.0.bn1.running_mean", "layer1.0.bn1.running_var", "layer1.0.bn1.num_batches_tracked", "layer1.0.conv2.weight", "layer1.0.bn2.weight", "layer1.0.bn2.bias", "layer1.0.bn2.running_mean", "layer1.0.bn2.running_var", "layer1.0.bn2.num_batches_tracked", "layer1.0.conv3.weight", "layer1.0.bn3.weight", "layer1.0.bn3.bias", "layer1.0.bn3.running_mean", "layer1.0.bn3.running_var", "layer1.0.bn3.num_batches_tracked", "layer1.0.downsample.0.weight", "layer1.0.downsample.1.weight", "layer1.0.downsample.1.bias", "layer1.0.downsample.1.running_mean", "layer1.0.downsample.1.running_var", "layer1.0.downsample.1.num_batches_tracked", "layer1.1.conv1.weight", "layer1.1.bn1.weight", "layer1.1.bn1.bias", "layer1.1.bn1.running_mean", "layer1.1.bn1.running_var", "layer1.1.bn1.num_batches_tracked", "layer1.1.conv2.weight", "layer1.1.bn2.weight", "layer1.1.bn2.bias", "layer1.1.bn2.running_mean", "layer1.1.bn2.running_var", "layer1.1.bn2.num_batches_tracked", "layer1.1.conv3.weight", "layer1.1.bn3.weight", "layer1.1.bn3.bias", "layer1.1.bn3.running_mean", "layer1.1.bn3.running_var", "layer1.1.bn3.num_batches_tracked", "layer1.2.conv1.weight", "layer1.2.bn1.weight", "layer1.2.bn1.bias", "layer1.2.bn1.running_mean", "layer1.2.bn1.running_var", "layer1.2.bn1.num_batches_tracked", "layer1.2.conv2.weight", "layer1.2.bn2.weight", "layer1.2.bn2.bias", "layer1.2.bn2.running_mean", "layer1.2.bn2.running_var", "layer1.2.bn2.num_batches_tracked", "layer1.2.conv3.weight", "layer1.2.bn3.weight", "layer1.2.bn3.bias", "layer1.2.bn3.running_mean", "layer1.2.bn3.running_var", "layer1.2.bn3.num_batches_tracked", "layer2.0.conv1.weight", "layer2.0.bn1.weight", "layer2.0.bn1.bias", "layer2.0.bn1.running_mean", "layer2.0.bn1.running_var", "layer2.0.bn1.num_batches_tracked", "layer2.0.conv2.weight", "layer2.0.bn2.weight", "layer2.0.bn2.bias", "layer2.0.bn2.running_mean", "layer2.0.bn2.running_var", "layer2.0.bn2.num_batches_tracked", "layer2.0.conv3.weight", "layer2.0.bn3.weight", "layer2.0.bn3.bias", "layer2.0.bn3.running_mean", "layer2.0.bn3.running_var", "layer2.0.bn3.num_batches_tracked", "layer2.0.downsample.0.weight", "layer2.0.downsample.1.weight", "layer2.0.downsample.1.bias", "layer2.0.downsample.1.running_mean", "layer2.0.downsample.1.running_var", "layer2.0.downsample.1.num_batches_tracked", "layer2.1.conv1.weight", "layer2.1.bn1.weight", "layer2.1.bn1.bias", "layer2.1.bn1.running_mean", "layer2.1.bn1.running_var", "layer2.1.bn1.num_batches_tracked", "layer2.1.conv2.weight", "layer2.1.bn2.weight", "layer2.1.bn2.bias", "layer2.1.bn2.running_mean", "layer2.1.bn2.running_var", "layer2.1.bn2.num_batches_tracked", "layer2.1.conv3.weight", "layer2.1.bn3.weight", "layer2.1.bn3.bias", "layer2.1.bn3.running_mean", "layer2.1.bn3.running_var", "layer2.1.bn3.num_batches_tracked", "layer2.2.conv1.weight", "layer2.2.bn1.weight", "layer2.2.bn1.bias", "layer2.2.bn1.running_mean", "layer2.2.bn1.running_var", "layer2.2.bn1.num_batches_tracked", "layer2.2.conv2.weight", "layer2.2.bn2.weight", "layer2.2.bn2.bias", "layer2.2.bn2.running_mean", "layer2.2.bn2.running_var", "layer2.2.bn2.num_batches_tracked", "layer2.2.conv3.weight", "layer2.2.bn3.weight", "layer2.2.bn3.bias", "layer2.2.bn3.running_mean", "layer2.2.bn3.running_var", "layer2.2.bn3.num_batches_tracked", "layer2.3.conv1.weight", "layer2.3.bn1.weight", "layer2.3.bn1.bias", "layer2.3.bn1.running_mean", "layer2.3.bn1.running_var", "layer2.3.bn1.num_batches_tracked", "layer2.3.conv2.weight", "layer2.3.bn2.weight", "layer2.3.bn2.bias", "layer2.3.bn2.running_mean", "layer2.3.bn2.running_var", "layer2.3.bn2.num_batches_tracked", "layer2.3.conv3.weight", "layer2.3.bn3.weight", "layer2.3.bn3.bias", "layer2.3.bn3.running_mean", "layer2.3.bn3.running_var", "layer2.3.bn3.num_batches_tracked", "layer3.0.conv1.weight", "layer3.0.bn1.weight", "layer3.0.bn1.bias", "layer3.0.bn1.running_mean", "layer3.0.bn1.running_var", "layer3.0.bn1.num_batches_tracked", "layer3.0.conv2.weight", "layer3.0.bn2.weight", "layer3.0.bn2.bias", "layer3.0.bn2.running_mean", "layer3.0.bn2.running_var", "layer3.0.bn2.num_batches_tracked", "layer3.0.conv3.weight", "layer3.0.bn3.weight", "layer3.0.bn3.bias", "layer3.0.bn3.running_mean", "layer3.0.bn3.running_var", "layer3.0.bn3.num_batches_tracked", "layer3.0.downsample.0.weight", "layer3.0.downsample.1.weight", "layer3.0.downsample.1.bias", "layer3.0.downsample.1.running_mean", "layer3.0.downsample.1.running_var", "layer3.0.downsample.1.num_batches_tracked", "layer3.1.conv1.weight", "layer3.1.bn1.weight", "layer3.1.bn1.bias", "layer3.1.bn1.running_mean", "layer3.1.bn1.running_var", "layer3.1.bn1.num_batches_tracked", "layer3.1.conv2.weight", "layer3.1.bn2.weight", "layer3.1.bn2.bias", "layer3.1.bn2.running_mean", "layer3.1.bn2.running_var", "layer3.1.bn2.num_batches_tracked", "layer3.1.conv3.weight", "layer3.1.bn3.weight", "layer3.1.bn3.bias", "layer3.1.bn3.running_mean", "layer3.1.bn3.running_var", "layer3.1.bn3.num_batches_tracked", "layer3.2.conv1.weight", "layer3.2.bn1.weight", "layer3.2.bn1.bias", "layer3.2.bn1.running_mean", "layer3.2.bn1.running_var", "layer3.2.bn1.num_batches_tracked", "layer3.2.conv2.weight", "layer3.2.bn2.weight", "layer3.2.bn2.bias", "layer3.2.bn2.running_mean", "layer3.2.bn2.running_var", "layer3.2.bn2.num_batches_tracked", "layer3.2.conv3.weight", "layer3.2.bn3.weight", "layer3.2.bn3.bias", "layer3.2.bn3.running_mean", "layer3.2.bn3.running_var", "layer3.2.bn3.num_batches_tracked", "layer3.3.conv1.weight", "layer3.3.bn1.weight", "layer3.3.bn1.bias", "layer3.3.bn1.running_mean", "layer3.3.bn1.running_var", "layer3.3.bn1.num_batches_tracked", "layer3.3.conv2.weight", "layer3.3.bn2.weight", "layer3.3.bn2.bias", "layer3.3.bn2.running_mean", "layer3.3.bn2.running_var", "layer3.3.bn2.num_batches_tracked", "layer3.3.conv3.weight", "layer3.3.bn3.weight", "layer3.3.bn3.bias", "layer3.3.bn3.running_mean", "layer3.3.bn3.running_var", "layer3.3.bn3.num_batches_tracked", "layer3.4.conv1.weight", "layer3.4.bn1.weight", "layer3.4.bn1.bias", "layer3.4.bn1.running_mean", "layer3.4.bn1.running_var", "layer3.4.bn1.num_batches_tracked", "layer3.4.conv2.weight", "layer3.4.bn2.weight", "layer3.4.bn2.bias", "layer3.4.bn2.running_mean", "layer3.4.bn2.running_var", "layer3.4.bn2.num_batches_tracked", "layer3.4.conv3.weight", "layer3.4.bn3.weight", "layer3.4.bn3.bias", "layer3.4.bn3.running_mean", "layer3.4.bn3.running_var", "layer3.4.bn3.num_batches_tracked", "layer3.5.conv1.weight", "layer3.5.bn1.weight", "layer3.5.bn1.bias", "layer3.5.bn1.running_mean", "layer3.5.bn1.running_var", "layer3.5.bn1.num_batches_tracked", "layer3.5.conv2.weight", "layer3.5.bn2.weight", "layer3.5.bn2.bias", "layer3.5.bn2.running_mean", "layer3.5.bn2.running_var", "layer3.5.bn2.num_batches_tracked", "layer3.5.conv3.weight", "layer3.5.bn3.weight", "layer3.5.bn3.bias", "layer3.5.bn3.running_mean", "layer3.5.bn3.running_var", "layer3.5.bn3.num_batches_tracked", "layer4.0.conv1.weight", "layer4.0.bn1.weight", "layer4.0.bn1.bias", "layer4.0.bn1.running_mean", "layer4.0.bn1.running_var", "layer4.0.bn1.num_batches_tracked", "layer4.0.conv2.weight", "layer4.0.bn2.weight", "layer4.0.bn2.bias", "layer4.0.bn2.running_mean", "layer4.0.bn2.running_var", "layer4.0.bn2.num_batches_tracked", "layer4.0.conv3.weight", "layer4.0.bn3.weight", "layer4.0.bn3.bias", "layer4.0.bn3.running_mean", "layer4.0.bn3.running_var", "layer4.0.bn3.num_batches_tracked", "layer4.0.downsample.0.weight", "layer4.0.downsample.1.weight", "layer4.0.downsample.1.bias", "layer4.0.downsample.1.running_mean", "layer4.0.downsample.1.running_var", "layer4.0.downsample.1.num_batches_tracked", "layer4.1.conv1.weight", "layer4.1.bn1.weight", "layer4.1.bn1.bias", "layer4.1.bn1.running_mean", "layer4.1.bn1.running_var", "layer4.1.bn1.num_batches_tracked", "layer4.1.conv2.weight", "layer4.1.bn2.weight", "layer4.1.bn2.bias", "layer4.1.bn2.running_mean", "layer4.1.bn2.running_var", "layer4.1.bn2.num_batches_tracked", "layer4.1.conv3.weight", "layer4.1.bn3.weight", "layer4.1.bn3.bias", "layer4.1.bn3.running_mean", "layer4.1.bn3.running_var", "layer4.1.bn3.num_batches_tracked", "layer4.2.conv1.weight", "layer4.2.bn1.weight", "layer4.2.bn1.bias", "layer4.2.bn1.running_mean", "layer4.2.bn1.running_var", "layer4.2.bn1.num_batches_tracked", "layer4.2.conv2.weight", "layer4.2.bn2.weight", "layer4.2.bn2.bias", "layer4.2.bn2.running_mean", "layer4.2.bn2.running_var", "layer4.2.bn2.num_batches_tracked", "layer4.2.conv3.weight", "layer4.2.bn3.weight", "layer4.2.bn3.bias", "layer4.2.bn3.running_mean", "layer4.2.bn3.running_var", "layer4.2.bn3.num_batches_tracked", "fc.weight", "fc.bias". 
srun: error: i22: task 0: Exited with exit code 1
srun: Terminating job step 516291.0
